C51 COMPILER V9.60.0.0   MAIN                                                              03/30/2024 14:02:33 PAGE 1   


C51 COMPILER V9.60.0.0, COMPILATION OF MODULE MAIN
OBJECT MODULE PLACED IN .\Objects\main.obj
COMPILER INVOKED BY: C:\Keil_v5\C51\BIN\C51.EXE main.c OPTIMIZE(8,SPEED) BROWSE DEBUG OBJECTEXTEND PRINT(.\Listings\main
                    -.lst) TABS(2) OBJECT(.\Objects\main.obj)

line level    source

   1          #include "REG51.h"
   2          #define unit unsigned int
   3          #define uchar unsigned char 
   4          sbit beep=P3^0;
   5          
   6          void delay(unsigned int z)
   7          {
   8   1        unsigned int x,y;
   9   1        for(x=z;x>0;x--){
  10   2          for(y=110;y>0;y--);
  11   2        }
  12   1      }
  13          
  14          void main()
  15          {
  16   1        while(1)
  17   1        {
  18   2          beep=0;
  19   2          delay(100);
  20   2          beep=1;
  21   2          delay(100);
  22   2        }
  23   1      }


MODULE INFORMATION:   STATIC OVERLAYABLE
   CODE SIZE        =     50    ----
   CONSTANT SIZE    =   ----    ----
   XDATA SIZE       =   ----    ----
   PDATA SIZE       =   ----    ----
   DATA SIZE        =   ----    ----
   IDATA SIZE       =   ----    ----
   BIT SIZE         =   ----    ----
END OF MODULE INFORMATION.


C51 COMPILATION COMPLETE.  0 WARNING(S),  0 ERROR(S)
