C51 COMPILER V9.60.0.0   MAIN                                                              04/02/2024 23:01:25 PAGE 1   


C51 COMPILER V9.60.0.0, COMPILATION OF MODULE MAIN
OBJECT MODULE PLACED IN .\Objects\main.obj
COMPILER INVOKED BY: C:\Keil_v5\C51\BIN\C51.EXE main.c OPTIMIZE(8,SPEED) BROWSE DEBUG OBJECTEXTEND PRINT(.\Listings\main
                    -.lst) TABS(2) OBJECT(.\Objects\main.obj)

line level    source

   1          #include <reg51.h>
   2          
   3          // ??1?
   4          void delay1s()
   5          {
   6   1        unsigned int i;
   7   1        
   8   1        // ?????1?????1
   9   1        TMOD = 0x20;
  10   1        TH1 = 0x3C; // 65536 - 50000 = 15536 (0x3C20)
  11   1        TL1 = 0x20;
  12   1        for (i = 0; i < 1000; i++) // ??????1??,??1000?
  13   1        {
  14   2          TR1 = 1; // ?????1
  15   2          while (!TF1); // ?????1??
  16   2          TF1 = 0; // ?????1????
  17   2        }
  18   1      }
  19          
  20          // ???
  21          void main()
  22          {
  23   1        unsigned char j, k, w;
  24   1        while (1)
  25   1        {
  26   2          for (j = 0; j < 3; j++) // ??8?,??????1?
  27   2          {
  28   3            P1 = 0x00; // ????LED
  29   3            delay1s(); // ??1?
  30   3            P1 = 0xFF; // ????LED
  31   3            delay1s(); // ??1?
  32   3          }
  33   2          // ????8?LED,??LED??1?
  34   2          w = 0x01;
  35   2          for (k = 0; k < 8; k++)
  36   2          {
  37   3            P1 = ~w; // ????LED
  38   3            delay1s(); // ??1?
  39   3            delay1s(); // ??1?
  40   3            w <<= 1; // ????,?????LED
  41   3          }
  42   2        }
  43   1      }


MODULE INFORMATION:   STATIC OVERLAYABLE
   CODE SIZE        =     89    ----
   CONSTANT SIZE    =   ----    ----
   XDATA SIZE       =   ----    ----
   PDATA SIZE       =   ----    ----
   DATA SIZE        =   ----    ----
   IDATA SIZE       =   ----    ----
   BIT SIZE         =   ----    ----
END OF MODULE INFORMATION.

C51 COMPILER V9.60.0.0   MAIN                                                              04/02/2024 23:01:25 PAGE 2   


C51 COMPILATION COMPLETE.  0 WARNING(S),  0 ERROR(S)
