C51 COMPILER V9.60.0.0   MAIN                                                              03/30/2024 13:37:24 PAGE 1   


C51 COMPILER V9.60.0.0, COMPILATION OF MODULE MAIN
OBJECT MODULE PLACED IN .\Objects\main.obj
COMPILER INVOKED BY: C:\Keil_v5\C51\BIN\C51.EXE main.c OPTIMIZE(8,SPEED) BROWSE DEBUG OBJECTEXTEND PRINT(.\Listings\main
                    -.lst) TABS(2) OBJECT(.\Objects\main.obj)

line level    source

   1          #include "REG51.h"
   2          
   3          unsigned char s[] = {0x3f, 0x06, 0x5B, 0x4F, 0x66, 0x6D, 0x7D, 0x07, 0x7F, 0x6F};
   4          unsigned int count = 0;
   5          
   6          void initcounter() {
   7   1          TMOD = 0x06;
   8   1          TH0 = 0xFF; // ?????? 0xFF,????????
   9   1          TL0 = 0xFF;
  10   1          ET0 = 1;
  11   1          EA = 1;
  12   1          TR0 = 1;
  13   1      }
  14          
  15          void display() {
  16   1          P2 = s[count];
  17   1          if(count == 10) {
  18   2              count = 0;
  19   2          }
  20   1      }
  21          
  22          void main(void) {
  23   1          initcounter();
  24   1          while(1) {
  25   2              display();
  26   2          }
  27   1      }
  28          
  29          void counter() interrupt 1 {
  30   1          count++;
  31   1          TH0 = 0xFF; // ?????????????????,????????
  32   1          TL0 = 0xFF;
  33   1      }


MODULE INFORMATION:   STATIC OVERLAYABLE
   CODE SIZE        =     64    ----
   CONSTANT SIZE    =   ----    ----
   XDATA SIZE       =   ----    ----
   PDATA SIZE       =   ----    ----
   DATA SIZE        =     12    ----
   IDATA SIZE       =   ----    ----
   BIT SIZE         =   ----    ----
END OF MODULE INFORMATION.


C51 COMPILATION COMPLETE.  0 WARNING(S),  0 ERROR(S)
